0 verbose cli C:\Program Files\nodejs\node.exe C:\Program Files\nodejs\node_modules\npm\bin\npm-cli.js
1 info using npm@10.5.2
2 info using node@v20.13.1
3 timing npm:load:whichnode Completed in 3ms
4 timing config:load:defaults Completed in 3ms
5 timing config:load:file:C:\Program Files\nodejs\node_modules\npm\npmrc Completed in 3ms
6 timing config:load:builtin Completed in 3ms
7 timing config:load:cli Completed in 3ms
8 timing config:load:env Completed in 1ms
9 timing config:load:file:D:\finish-tsask\back-code\.npmrc Completed in 1ms
10 timing config:load:project Completed in 2ms
11 timing config:load:file:C:\Users\30297\.npmrc Completed in 2ms
12 timing config:load:user Completed in 2ms
13 timing config:load:file:D:\finish-tsask\back-code\etc\npmrc Completed in 0ms
14 timing config:load:global Completed in 1ms
15 timing config:load:setEnvs Completed in 1ms
16 timing config:load Completed in 16ms
17 timing npm:load:configload Completed in 17ms
18 timing config:load:flatten Completed in 4ms
19 timing npm:load:mkdirpcache Completed in 2ms
20 timing npm:load:mkdirplogs Completed in 1ms
21 verbose title npm install node-red-dashboard node-red-node-sqlite
22 verbose argv "install" "node-red-dashboard" "node-red-node-sqlite" "--prefix" "D:\\finish-tsask\\back-code" "--cache" "D:\\finish-tsask\\.npm-cache"
23 timing npm:load:setTitle Completed in 2ms
24 timing npm:load:display Completed in 1ms
25 verbose logfile logs-max:10 dir:D:\finish-tsask\.npm-cache\_logs\2026-06-23T08_03_27_895Z-
26 verbose logfile D:\finish-tsask\.npm-cache\_logs\2026-06-23T08_03_27_895Z-debug-0.log
27 timing npm:load:logFile Completed in 5ms
28 timing npm:load:timers Completed in 0ms
29 timing npm:load:configScope Completed in 0ms
30 timing npm:load Completed in 93ms
31 timing arborist:ctor Completed in 1ms
32 silly logfile done cleaning log files
33 timing arborist:ctor Completed in 0ms
34 timing idealTree:init Completed in 20ms
35 timing idealTree:userRequests Completed in 6ms
36 silly idealTree buildDeps
37 silly fetch manifest node-red-dashboard@*
38 silly fetch manifest node-red-node-sqlite@*
