0 verbose cli C:\Program Files\nodejs\node.exe C:\Program Files\nodejs\node_modules\npm\bin\npm-cli.js
1 info using npm@10.5.2
2 info using node@v20.13.1
3 timing npm:load:whichnode Completed in 3ms
4 timing config:load:defaults Completed in 3ms
5 timing config:load:file:C:\Program Files\nodejs\node_modules\npm\npmrc Completed in 4ms
6 timing config:load:builtin Completed in 4ms
7 timing config:load:cli Completed in 4ms
8 timing config:load:env Completed in 1ms
9 timing config:load:file:D:\finish-tsask\back-code\.npmrc Completed in 1ms
10 timing config:load:project Completed in 2ms
11 timing config:load:file:C:\Users\30297\.npmrc Completed in 2ms
12 timing config:load:user Completed in 2ms
13 timing config:load:file:D:\finish-tsask\back-code\etc\npmrc Completed in 0ms
14 timing config:load:global Completed in 1ms
15 timing config:load:setEnvs Completed in 1ms
16 timing config:load Completed in 19ms
17 timing npm:load:configload Completed in 19ms
18 timing config:load:flatten Completed in 3ms
19 timing npm:load:mkdirpcache Completed in 2ms
20 timing npm:load:mkdirplogs Completed in 1ms
21 verbose title npm install aedes
22 verbose argv "install" "aedes" "--prefix" "D:\\finish-tsask\\back-code" "--cache" "D:\\finish-tsask\\.npm-cache"
23 timing npm:load:setTitle Completed in 1ms
24 timing npm:load:display Completed in 1ms
25 verbose logfile logs-max:10 dir:D:\finish-tsask\.npm-cache\_logs\2026-06-23T07_38_15_906Z-
26 verbose logfile D:\finish-tsask\.npm-cache\_logs\2026-06-23T07_38_15_906Z-debug-0.log
27 timing npm:load:logFile Completed in 5ms
28 timing npm:load:timers Completed in 0ms
29 timing npm:load:configScope Completed in 0ms
30 timing npm:load Completed in 100ms
31 timing arborist:ctor Completed in 0ms
32 silly logfile done cleaning log files
33 timing arborist:ctor Completed in 0ms
34 timing idealTree:init Completed in 23ms
35 timing idealTree:userRequests Completed in 2ms
36 silly idealTree buildDeps
37 silly fetch manifest aedes@*
38 silly placeDep ROOT aedes@ OK for: node-red-project@0.0.1 want: *
39 timing idealTree:#root Completed in 70086ms
40 timing idealTree:node_modules/aedes Completed in 0ms
41 timing idealTree:buildDeps Completed in 70087ms
42 timing idealTree:fixDepFlags Completed in 1ms
43 timing idealTree Completed in 70114ms
44 timing command:install Completed in 70193ms
45 verbose type system
46 verbose stack FetchError: request to https://registry.npmmirror.com/aedes failed, reason: 
46 verbose stack     at ClientRequest.<anonymous> (C:\Program Files\nodejs\node_modules\npm\node_modules\minipass-fetch\lib\index.js:130:14)
46 verbose stack     at ClientRequest.emit (node:events:519:28)
46 verbose stack     at _destroy (node:_http_client:880:13)
46 verbose stack     at onSocketNT (node:_http_client:900:5)
46 verbose stack     at process.processTicksAndRejections (node:internal/process/task_queues:83:21)
47 verbose cwd D:\finish-tsask
48 verbose Windows_NT 10.0.26200
49 verbose node v20.13.1
50 verbose npm  v10.5.2
51 error code EACCES
52 error errno EACCES
53 error FetchError: request to https://registry.npmmirror.com/aedes failed, reason: 
53 error     at ClientRequest.<anonymous> (C:\Program Files\nodejs\node_modules\npm\node_modules\minipass-fetch\lib\index.js:130:14)
53 error     at ClientRequest.emit (node:events:519:28)
53 error     at _destroy (node:_http_client:880:13)
53 error     at onSocketNT (node:_http_client:900:5)
53 error     at process.processTicksAndRejections (node:internal/process/task_queues:83:21) {
53 error   code: 'EACCES',
53 error   errno: 'EACCES',
53 error   type: 'system',
53 error   requiredBy: '.'
53 error }
54 error
54 error The operation was rejected by your operating system.
54 error It's possible that the file was already in use (by a text editor or antivirus),
54 error or that you lack permissions to access it.
54 error
54 error If you believe this might be a permissions issue, please double-check the
54 error permissions of the file and its containing directories, or try running
54 error the command again as root/Administrator.
55 verbose exit 1
56 timing npm Completed in 72929ms
57 verbose unfinished npm timer reify 1782200298638
58 verbose unfinished npm timer reify:loadTrees 1782200298712
59 verbose code 1
60 error A complete log of this run can be found in: D:\finish-tsask\.npm-cache\_logs\2026-06-23T07_38_15_906Z-debug-0.log
